# JRE version: Java(TM) SE Runtime Environment (25.0.2+10) (build 25.0.2+10-LTS-69)
# Java VM: Java HotSpot(TM) 64-Bit Server VM (25.0.2+10-LTS-69, mixed mode, emulated-client, sharing, tiered, compressed oops, compressed class ptrs, g1 gc, windows-amd64)
GC Precious Log:
 CardTable entry size: 512
 Card Set container configuration: InlinePtr #cards 4 size 8 Array Of Cards #cards 16 size 48 Howl #buckets 8 coarsen threshold 3686 Howl Bitmap #cards 512 size 80 coarsen threshold 460 Card regions per heap region 1 cards per card region 4096
 CPUs: 12 total, 12 available
 Memory: 15631M
 Large Page Support: Disabled
 NUMA Support: Disabled
 Compressed Oops: Enabled (Zero based)
 Heap Region Size: 2M
 Heap Min Capacity: 8M
 Heap Initial Capacity: 246M
 Heap Max Capacity: 3908M
 Pre-touch: Disabled
 Parallel Workers: 10
 Concurrent Workers: 3
 Concurrent Refinement Workers: 10
 Periodic GC: Disabled
Heap:
 garbage-first heap   total reserved 4001792K, committed 118784K, used 60328K [0x000000070bc00000, 0x0000000800000000)
  region size 2048K, 15 young (30720K), 4 survivors (8192K)
GC Heap Usage History (20 events):
Event: 3.323 {heap Before GC invocations=6 (full 0):
 garbage-first heap   total reserved 4001792K, committed 81920K, used 63776K [0x000000070bc00000, 0x0000000800000000)
  region size 2048K, 22 young (45056K), 3 survivors (6144K)
}
Event: 3.333 {heap After GC invocations=7 (full 0):
 garbage-first heap   total reserved 4001792K, committed 81920K, used 28267K [0x000000070bc00000, 0x0000000800000000)
  region size 2048K, 3 young (6144K), 3 survivors (6144K)
}
Event: 3.758 {heap Before GC invocations=7 (full 0):
 garbage-first heap   total reserved 4001792K, committed 81920K, used 65131K [0x000000070bc00000, 0x0000000800000000)
  region size 2048K, 21 young (43008K), 3 survivors (6144K)
}
Event: 3.765 {heap After GC invocations=8 (full 0):
 garbage-first heap   total reserved 4001792K, committed 98304K, used 28661K [0x000000070bc00000, 0x0000000800000000)
  region size 2048K, 2 young (4096K), 2 survivors (4096K)
}
Event: 4.354 {heap Before GC invocations=8 (full 0):
 garbage-first heap   total reserved 4001792K, committed 98304K, used 79861K [0x000000070bc00000, 0x0000000800000000)
  region size 2048K, 27 young (55296K), 2 survivors (4096K)
}
Event: 4.367 {heap After GC invocations=9 (full 0):
 garbage-first heap   total reserved 4001792K, committed 98304K, used 31601K [0x000000070bc00000, 0x0000000800000000)
  region size 2048K, 4 young (8192K), 4 survivors (8192K)
}
Event: 4.422 {heap Before GC invocations=9 (full 0):
 garbage-first heap   total reserved 4001792K, committed 98304K, used 33649K [0x000000070bc00000, 0x0000000800000000)
  region size 2048K, 7 young (14336K), 4 survivors (8192K)
}
Event: 4.431 {heap After GC invocations=10 (full 0):
 garbage-first heap   total reserved 4001792K, committed 98304K, used 31147K [0x000000070bc00000, 0x0000000800000000)
  region size 2048K, 2 young (4096K), 2 survivors (4096K)
}
Event: 4.955 {heap Before GC invocations=11 (full 0):
 garbage-first heap   total reserved 4001792K, committed 98304K, used 84395K [0x000000070bc00000, 0x0000000800000000)
  region size 2048K, 28 young (57344K), 2 survivors (4096K)
}
Event: 4.961 {heap After GC invocations=12 (full 0):
 garbage-first heap   total reserved 4001792K, committed 98304K, used 32383K [0x000000070bc00000, 0x0000000800000000)
  region size 2048K, 3 young (6144K), 3 survivors (6144K)
}
Event: 5.474 {heap Before GC invocations=12 (full 0):
 garbage-first heap   total reserved 4001792K, committed 98304K, used 83583K [0x000000070bc00000, 0x0000000800000000)
  region size 2048K, 28 young (57344K), 3 survivors (6144K)
}
Event: 5.484 {heap After GC invocations=13 (full 0):
 garbage-first heap   total reserved 4001792K, committed 98304K, used 34627K [0x000000070bc00000, 0x0000000800000000)
  region size 2048K, 2 young (4096K), 2 survivors (4096K)
}
Event: 6.013 {heap Before GC invocations=13 (full 0):
 garbage-first heap   total reserved 4001792K, committed 98304K, used 85827K [0x000000070bc00000, 0x0000000800000000)
  region size 2048K, 28 young (57344K), 2 survivors (4096K)
}
Event: 6.019 {heap After GC invocations=14 (full 0):
 garbage-first heap   total reserved 4001792K, committed 118784K, used 35859K [0x000000070bc00000, 0x0000000800000000)
  region size 2048K, 3 young (6144K), 3 survivors (6144K)
}
Event: 6.555 {heap Before GC invocations=14 (full 0):
 garbage-first heap   total reserved 4001792K, committed 118784K, used 97299K [0x000000070bc00000, 0x0000000800000000)
  region size 2048K, 34 young (69632K), 3 survivors (6144K)
}
Event: 6.562 {heap After GC invocations=15 (full 0):
 garbage-first heap   total reserved 4001792K, committed 118784K, used 37586K [0x000000070bc00000, 0x0000000800000000)
  region size 2048K, 4 young (8192K), 4 survivors (8192K)
}
Event: 6.786 {heap Before GC invocations=15 (full 0):
 garbage-first heap   total reserved 4001792K, committed 118784K, used 58066K [0x000000070bc00000, 0x0000000800000000)
  region size 2048K, 16 young (32768K), 4 survivors (8192K)
}
Event: 6.794 {heap After GC invocations=16 (full 0):
 garbage-first heap   total reserved 4001792K, committed 118784K, used 38105K [0x000000070bc00000, 0x0000000800000000)
  region size 2048K, 3 young (6144K), 3 survivors (6144K)
}
Event: 7.483 {heap Before GC invocations=17 (full 0):
 garbage-first heap   total reserved 4001792K, committed 118784K, used 101593K [0x000000070bc00000, 0x0000000800000000)
  region size 2048K, 34 young (69632K), 3 survivors (6144K)
}
Event: 7.489 {heap After GC invocations=18 (full 0):
 garbage-first heap   total reserved 4001792K, committed 118784K, used 39848K [0x000000070bc00000, 0x0000000800000000)
  region size 2048K, 4 young (8192K), 4 survivors (8192K)
}

